# JRE version: OpenJDK Runtime Environment Temurin-21.0.12.1+1 (21.0.12.1+1) (build 21.0.12.1+1-LTS)
# Java VM: OpenJDK 64-Bit Server VM Temurin-21.0.12.1+1 (21.0.12.1+1-LTS, mixed mode, sharing, tiered, compressed oops, compressed class ptrs, parallel gc, windows-amd64)
GC Precious Log:
 CardTable entry size: 512
 CPUs: 4 total, 4 available
 Memory: 8003M
 Large Page Support: Disabled
 NUMA Support: Disabled
 Compressed Oops: Enabled (32-bit)
 Alignments: Space 512K, Generation 512K, Heap 2M
 Heap Min Capacity: 100M
 Heap Initial Capacity: 100M
 Heap Max Capacity: 2G
 Pre-touch: Disabled
 Parallel Workers: 4
Heap:
 PSYoungGen      total 15360K, used 10982K [0x00000000d5580000, 0x00000000d6a00000, 0x0000000100000000)
  eden space 14848K, 72% used [0x00000000d5580000,0x00000000d6009a98,0x00000000d6400000)
  from space 512K, 37% used [0x00000000d6980000,0x00000000d69b0000,0x00000000d6a00000)
  to   space 512K, 0% used [0x00000000d6900000,0x00000000d6900000,0x00000000d6980000)
 ParOldGen       total 68608K, used 39441K [0x0000000080000000, 0x0000000084300000, 0x00000000d5580000)
  object space 68608K, 57% used [0x0000000080000000,0x0000000082684600,0x0000000084300000)
 Metaspace       used 61193K, committed 62528K, reserved 1114112K
  class space    used 7656K, committed 8256K, reserved 1048576K
GC Heap History (20 events):
Event: 53.472 GC heap before
{Heap before GC invocations=30 (full 2):
 PSYoungGen      total 16896K, used 15215K [0x00000000d5580000, 0x00000000d6b00000, 0x0000000100000000)
  eden space 14848K, 99% used [0x00000000d5580000,0x00000000d63fffd8,0x00000000d6400000)
  from space 2048K, 17% used [0x00000000d6780000,0x00000000d67dc020,0x00000000d6980000)
  to   space 1024K, 0% used [0x00000000d6a00000,0x00000000d6a00000,0x00000000d6b00000)
 ParOldGen       total 68608K, used 38810K [0x0000000080000000, 0x0000000084300000, 0x00000000d5580000)
  object space 68608K, 56% used [0x0000000080000000,0x00000000825e6bc8,0x0000000084300000)
 Metaspace       used 52942K, committed 54272K, reserved 1114112K
  class space    used 6178K, committed 6784K, reserved 1048576K
}
Event: 53.482 GC heap after
{Heap after GC invocations=30 (full 2):
 PSYoungGen      total 15360K, used 480K [0x00000000d5580000, 0x00000000d6a80000, 0x0000000100000000)
  eden space 14848K, 0% used [0x00000000d5580000,0x00000000d5580000,0x00000000d6400000)
  from space 512K, 93% used [0x00000000d6a00000,0x00000000d6a78018,0x00000000d6a80000)
  to   space 1024K, 0% used [0x00000000d6880000,0x00000000d6880000,0x00000000d6980000)
 ParOldGen       total 68608K, used 39127K [0x0000000080000000, 0x0000000084300000, 0x00000000d5580000)
  object space 68608K, 57% used [0x0000000080000000,0x0000000082635f40,0x0000000084300000)
 Metaspace       used 52942K, committed 54272K, reserved 1114112K
  class space    used 6178K, committed 6784K, reserved 1048576K
}
Event: 54.354 GC heap before
{Heap before GC invocations=31 (full 2):
 PSYoungGen      total 15360K, used 15328K [0x00000000d5580000, 0x00000000d6a80000, 0x0000000100000000)
  eden space 14848K, 100% used [0x00000000d5580000,0x00000000d6400000,0x00000000d6400000)
  from space 512K, 93% used [0x00000000d6a00000,0x00000000d6a78018,0x00000000d6a80000)
  to   space 1024K, 0% used [0x00000000d6880000,0x00000000d6880000,0x00000000d6980000)
 ParOldGen       total 68608K, used 39127K [0x0000000080000000, 0x0000000084300000, 0x00000000d5580000)
  object space 68608K, 57% used [0x0000000080000000,0x0000000082635f40,0x0000000084300000)
 Metaspace       used 54407K, committed 55744K, reserved 1114112K
  class space    used 6435K, committed 7040K, reserved 1048576K
}
Event: 54.357 GC heap after
{Heap after GC invocations=31 (full 2):
 PSYoungGen      total 15872K, used 448K [0x00000000d5580000, 0x00000000d6a80000, 0x0000000100000000)
  eden space 14848K, 0% used [0x00000000d5580000,0x00000000d5580000,0x00000000d6400000)
  from space 1024K, 43% used [0x00000000d6880000,0x00000000d68f0000,0x00000000d6980000)
  to   space 512K, 0% used [0x00000000d6a00000,0x00000000d6a00000,0x00000000d6a80000)
 ParOldGen       total 68608K, used 39439K [0x0000000080000000, 0x0000000084300000, 0x00000000d5580000)
  object space 68608K, 57% used [0x0000000080000000,0x0000000082683f60,0x0000000084300000)
 Metaspace       used 54407K, committed 55744K, reserved 1114112K
  class space    used 6435K, committed 7040K, reserved 1048576K
}
Event: 57.929 GC heap before
{Heap before GC invocations=32 (full 2):
 PSYoungGen      total 15872K, used 15296K [0x00000000d5580000, 0x00000000d6a80000, 0x0000000100000000)
  eden space 14848K, 100% used [0x00000000d5580000,0x00000000d6400000,0x00000000d6400000)
  from space 1024K, 43% used [0x00000000d6880000,0x00000000d68f0000,0x00000000d6980000)
  to   space 512K, 0% used [0x00000000d6a00000,0x00000000d6a00000,0x00000000d6a80000)
 ParOldGen       total 68608K, used 39439K [0x0000000080000000, 0x0000000084300000, 0x00000000d5580000)
  object space 68608K, 57% used [0x0000000080000000,0x0000000082683f60,0x0000000084300000)
 Metaspace       used 55556K, committed 56960K, reserved 1114112K
  class space    used 6539K, committed 7168K, reserved 1048576K
}
Event: 57.932 GC heap after
{Heap after GC invocations=32 (full 2):
 PSYoungGen      total 15360K, used 224K [0x00000000d5580000, 0x00000000d6a80000, 0x0000000100000000)
  eden space 14848K, 0% used [0x00000000d5580000,0x00000000d5580000,0x00000000d6400000)
  from space 512K, 43% used [0x00000000d6a00000,0x00000000d6a38000,0x00000000d6a80000)
  to   space 512K, 0% used [0x00000000d6980000,0x00000000d6980000,0x00000000d6a00000)
 ParOldGen       total 68608K, used 39807K [0x0000000080000000, 0x0000000084300000, 0x00000000d5580000)
  object space 68608K, 58% used [0x0000000080000000,0x00000000826dfc70,0x0000000084300000)
 Metaspace       used 55556K, committed 56960K, reserved 1114112K
  class space    used 6539K, committed 7168K, reserved 1048576K
}
Event: 58.519 GC heap before
{Heap before GC invocations=33 (full 2):
 PSYoungGen      total 15360K, used 15072K [0x00000000d5580000, 0x00000000d6a80000, 0x0000000100000000)
  eden space 14848K, 100% used [0x00000000d5580000,0x00000000d6400000,0x00000000d6400000)
  from space 512K, 43% used [0x00000000d6a00000,0x00000000d6a38000,0x00000000d6a80000)
  to   space 512K, 0% used [0x00000000d6980000,0x00000000d6980000,0x00000000d6a00000)
 ParOldGen       total 68608K, used 39807K [0x0000000080000000, 0x0000000084300000, 0x00000000d5580000)
  object space 68608K, 58% used [0x0000000080000000,0x00000000826dfc70,0x0000000084300000)
 Metaspace       used 56694K, committed 57984K, reserved 1114112K
  class space    used 6716K, committed 7296K, reserved 1048576K
}
Event: 58.521 GC heap after
{Heap after GC invocations=33 (full 2):
 PSYoungGen      total 15360K, used 509K [0x00000000d5580000, 0x00000000d6a80000, 0x0000000100000000)
  eden space 14848K, 0% used [0x00000000d5580000,0x00000000d5580000,0x00000000d6400000)
  from space 512K, 99% used [0x00000000d6980000,0x00000000d69ff7b0,0x00000000d6a00000)
  to   space 512K, 0% used [0x00000000d6a00000,0x00000000d6a00000,0x00000000d6a80000)
 ParOldGen       total 68608K, used 40343K [0x0000000080000000, 0x0000000084300000, 0x00000000d5580000)
  object space 68608K, 58% used [0x0000000080000000,0x0000000082765f70,0x0000000084300000)
 Metaspace       used 56694K, committed 57984K, reserved 1114112K
  class space    used 6716K, committed 7296K, reserved 1048576K
}
Event: 58.947 GC heap before
{Heap before GC invocations=34 (full 2):
 PSYoungGen      total 15360K, used 15357K [0x00000000d5580000, 0x00000000d6a80000, 0x0000000100000000)
  eden space 14848K, 100% used [0x00000000d5580000,0x00000000d6400000,0x00000000d6400000)
  from space 512K, 99% used [0x00000000d6980000,0x00000000d69ff7b0,0x00000000d6a00000)
  to   space 512K, 0% used [0x00000000d6a00000,0x00000000d6a00000,0x00000000d6a80000)
 ParOldGen       total 68608K, used 40343K [0x0000000080000000, 0x0000000084300000, 0x00000000d5580000)
  object space 68608K, 58% used [0x0000000080000000,0x0000000082765f70,0x0000000084300000)
 Metaspace       used 57658K, committed 59008K, reserved 1114112K
  class space    used 6891K, committed 7488K, reserved 1048576K
}
Event: 58.950 GC heap after
{Heap after GC invocations=34 (full 2):
 PSYoungGen      total 15360K, used 507K [0x00000000d5580000, 0x00000000d6a80000, 0x0000000100000000)
  eden space 14848K, 0% used [0x00000000d5580000,0x00000000d5580000,0x00000000d6400000)
  from space 512K, 99% used [0x00000000d6a00000,0x00000000d6a7ee98,0x00000000d6a80000)
  to   space 1024K, 0% used [0x00000000d6880000,0x00000000d6880000,0x00000000d6980000)
 ParOldGen       total 68608K, used 40737K [0x0000000080000000, 0x0000000084300000, 0x00000000d5580000)
  object space 68608K, 59% used [0x0000000080000000,0x00000000827c8748,0x0000000084300000)
 Metaspace       used 57658K, committed 59008K, reserved 1114112K
  class space    used 6891K, committed 7488K, reserved 1048576K
}
Event: 59.353 GC heap before
{Heap before GC invocations=35 (full 2):
 PSYoungGen      total 15360K, used 15355K [0x00000000d5580000, 0x00000000d6a80000, 0x0000000100000000)
  eden space 14848K, 100% used [0x00000000d5580000,0x00000000d6400000,0x00000000d6400000)
  from space 512K, 99% used [0x00000000d6a00000,0x00000000d6a7ee98,0x00000000d6a80000)
  to   space 1024K, 0% used [0x00000000d6880000,0x00000000d6880000,0x00000000d6980000)
 ParOldGen       total 68608K, used 40737K [0x0000000080000000, 0x0000000084300000, 0x00000000d5580000)
  object space 68608K, 59% used [0x0000000080000000,0x00000000827c8748,0x0000000084300000)
 Metaspace       used 58671K, committed 59968K, reserved 1114112K
  class space    used 7095K, committed 7680K, reserved 1048576K
}
Event: 59.354 GC heap after
{Heap after GC invocations=35 (full 2):
 PSYoungGen      total 15872K, used 320K [0x00000000d5580000, 0x00000000d6a80000, 0x0000000100000000)
  eden space 14848K, 0% used [0x00000000d5580000,0x00000000d5580000,0x00000000d6400000)
  from space 1024K, 31% used [0x00000000d6880000,0x00000000d68d0000,0x00000000d6980000)
  to   space 1024K, 0% used [0x00000000d6980000,0x00000000d6980000,0x00000000d6a80000)
 ParOldGen       total 68608K, used 41115K [0x0000000080000000, 0x0000000084300000, 0x00000000d5580000)
  object space 68608K, 59% used [0x0000000080000000,0x0000000082826ef0,0x0000000084300000)
 Metaspace       used 58671K, committed 59968K, reserved 1114112K
  class space    used 7095K, committed 7680K, reserved 1048576K
}
Event: 59.507 GC heap before
{Heap before GC invocations=36 (full 2):
 PSYoungGen      total 15872K, used 5682K [0x00000000d5580000, 0x00000000d6a80000, 0x0000000100000000)
  eden space 14848K, 36% used [0x00000000d5580000,0x00000000d5abc868,0x00000000d6400000)
  from space 1024K, 31% used [0x00000000d6880000,0x00000000d68d0000,0x00000000d6980000)
  to   space 1024K, 0% used [0x00000000d6980000,0x00000000d6980000,0x00000000d6a80000)
 ParOldGen       total 68608K, used 41115K [0x0000000080000000, 0x0000000084300000, 0x00000000d5580000)
  object space 68608K, 59% used [0x0000000080000000,0x0000000082826ef0,0x0000000084300000)
 Metaspace       used 59026K, committed 60288K, reserved 1114112K
  class space    used 7191K, committed 7744K, reserved 1048576K
}
Event: 59.508 GC heap after
{Heap after GC invocations=36 (full 2):
 PSYoungGen      total 15360K, used 160K [0x00000000d5580000, 0x00000000d6a00000, 0x0000000100000000)
  eden space 14848K, 0% used [0x00000000d5580000,0x00000000d5580000,0x00000000d6400000)
  from space 512K, 31% used [0x00000000d6980000,0x00000000d69a8000,0x00000000d6a00000)
  to   space 512K, 0% used [0x00000000d6900000,0x00000000d6900000,0x00000000d6980000)
 ParOldGen       total 68608K, used 41203K [0x0000000080000000, 0x0000000084300000, 0x00000000d5580000)
  object space 68608K, 60% used [0x0000000080000000,0x000000008283cef0,0x0000000084300000)
 Metaspace       used 59026K, committed 60288K, reserved 1114112K
  class space    used 7191K, committed 7744K, reserved 1048576K
}
Event: 59.508 GC heap before
{Heap before GC invocations=37 (full 3):
 PSYoungGen      total 15360K, used 160K [0x00000000d5580000, 0x00000000d6a00000, 0x0000000100000000)
  eden space 14848K, 0% used [0x00000000d5580000,0x00000000d5580000,0x00000000d6400000)
  from space 512K, 31% used [0x00000000d6980000,0x00000000d69a8000,0x00000000d6a00000)
  to   space 512K, 0% used [0x00000000d6900000,0x00000000d6900000,0x00000000d6980000)
 ParOldGen       total 68608K, used 41203K [0x0000000080000000, 0x0000000084300000, 0x00000000d5580000)
  object space 68608K, 60% used [0x0000000080000000,0x000000008283cef0,0x0000000084300000)
 Metaspace       used 59026K, committed 60288K, reserved 1114112K
  class space    used 7191K, committed 7744K, reserved 1048576K
}
Event: 59.640 GC heap after
{Heap after GC invocations=37 (full 3):
 PSYoungGen      total 15360K, used 0K [0x00000000d5580000, 0x00000000d6a00000, 0x0000000100000000)
  eden space 14848K, 0% used [0x00000000d5580000,0x00000000d5580000,0x00000000d6400000)
  from space 512K, 0% used [0x00000000d6980000,0x00000000d6980000,0x00000000d6a00000)
  to   space 512K, 0% used [0x00000000d6900000,0x00000000d6900000,0x00000000d6980000)
 ParOldGen       total 68608K, used 39101K [0x0000000080000000, 0x0000000084300000, 0x00000000d5580000)
  object space 68608K, 56% used [0x0000000080000000,0x000000008262f6c8,0x0000000084300000)
 Metaspace       used 59026K, committed 60288K, reserved 1114112K
  class space    used 7191K, committed 7744K, reserved 1048576K
}
Event: 60.091 GC heap before
{Heap before GC invocations=38 (full 3):
 PSYoungGen      total 15360K, used 14848K [0x00000000d5580000, 0x00000000d6a00000, 0x0000000100000000)
  eden space 14848K, 100% used [0x00000000d5580000,0x00000000d6400000,0x00000000d6400000)
  from space 512K, 0% used [0x00000000d6980000,0x00000000d6980000,0x00000000d6a00000)
  to   space 512K, 0% used [0x00000000d6900000,0x00000000d6900000,0x00000000d6980000)
 ParOldGen       total 68608K, used 39101K [0x0000000080000000, 0x0000000084300000, 0x00000000d5580000)
  object space 68608K, 56% used [0x0000000080000000,0x000000008262f6c8,0x0000000084300000)
 Metaspace       used 59661K, committed 60928K, reserved 1114112K
  class space    used 7366K, committed 7936K, reserved 1048576K
}
Event: 60.092 GC heap after
{Heap after GC invocations=38 (full 3):
 PSYoungGen      total 15360K, used 458K [0x00000000d5580000, 0x00000000d6a00000, 0x0000000100000000)
  eden space 14848K, 0% used [0x00000000d5580000,0x00000000d5580000,0x00000000d6400000)
  from space 512K, 89% used [0x00000000d6900000,0x00000000d6972a50,0x00000000d6980000)
  to   space 512K, 0% used [0x00000000d6980000,0x00000000d6980000,0x00000000d6a00000)
 ParOldGen       total 68608K, used 39101K [0x0000000080000000, 0x0000000084300000, 0x00000000d5580000)
  object space 68608K, 56% used [0x0000000080000000,0x000000008262f6c8,0x0000000084300000)
 Metaspace       used 59661K, committed 60928K, reserved 1114112K
  class space    used 7366K, committed 7936K, reserved 1048576K
}
Event: 60.465 GC heap before
{Heap before GC invocations=39 (full 3):
 PSYoungGen      total 15360K, used 15306K [0x00000000d5580000, 0x00000000d6a00000, 0x0000000100000000)
  eden space 14848K, 100% used [0x00000000d5580000,0x00000000d6400000,0x00000000d6400000)
  from space 512K, 89% used [0x00000000d6900000,0x00000000d6972a50,0x00000000d6980000)
  to   space 512K, 0% used [0x00000000d6980000,0x00000000d6980000,0x00000000d6a00000)
 ParOldGen       total 68608K, used 39101K [0x0000000080000000, 0x0000000084300000, 0x00000000d5580000)
  object space 68608K, 56% used [0x0000000080000000,0x000000008262f6c8,0x0000000084300000)
 Metaspace       used 60373K, committed 61696K, reserved 1114112K
  class space    used 7535K, committed 8128K, reserved 1048576K
}
Event: 60.470 GC heap after
{Heap after GC invocations=39 (full 3):
 PSYoungGen      total 15360K, used 192K [0x00000000d5580000, 0x00000000d6a00000, 0x0000000100000000)
  eden space 14848K, 0% used [0x00000000d5580000,0x00000000d5580000,0x00000000d6400000)
  from space 512K, 37% used [0x00000000d6980000,0x00000000d69b0000,0x00000000d6a00000)
  to   space 512K, 0% used [0x00000000d6900000,0x00000000d6900000,0x00000000d6980000)
 ParOldGen       total 68608K, used 39441K [0x0000000080000000, 0x0000000084300000, 0x00000000d5580000)
  object space 68608K, 57% used [0x0000000080000000,0x0000000082684600,0x0000000084300000)
 Metaspace       used 60373K, committed 61696K, reserved 1114112K
  class space    used 7535K, committed 8128K, reserved 1048576K
}

