# JRE version: OpenJDK Runtime Environment Temurin-17.0.20.1+1 (17.0.20.1+1) (build 17.0.20.1+1)
# Java VM: OpenJDK 64-Bit Server VM Temurin-17.0.20.1+1 (17.0.20.1+1, mixed mode, sharing, tiered, compressed oops, compressed class ptrs, g1 gc, windows-amd64)
GC Precious Log:
 CPUs: 4 total, 4 available
 Memory: 8003M
 Large Page Support: Disabled
 NUMA Support: Disabled
 Compressed Oops: Enabled (32-bit)
 Heap Region Size: 1M
 Heap Min Capacity: 8M
 Heap Initial Capacity: 126M
 Heap Max Capacity: 2002M
 Pre-touch: Disabled
 Parallel Workers: 4
 Concurrent Workers: 1
 Concurrent Refinement Workers: 4
 Periodic GC: Disabled
Heap:
 garbage-first heap   total 112640K, used 90171K [0x0000000082e00000, 0x0000000100000000)
  region size 1024K, 26 young (26624K), 3 survivors (3072K)
 Metaspace       used 55262K, committed 55552K, reserved 1114112K
  class space    used 6286K, committed 6464K, reserved 1048576K
GC Heap History (20 events):
Event: 32.194 GC heap after
{Heap after GC invocations=11 (full 0):
 garbage-first heap   total 55296K, used 29392K [0x0000000082e00000, 0x0000000100000000)
  region size 1024K, 2 young (2048K), 2 survivors (2048K)
 Metaspace       used 37084K, committed 37376K, reserved 1114112K
  class space    used 4502K, committed 4672K, reserved 1048576K
}
Event: 32.199 GC heap before
{Heap before GC invocations=11 (full 0):
 garbage-first heap   total 55296K, used 30416K [0x0000000082e00000, 0x0000000100000000)
  region size 1024K, 3 young (3072K), 2 survivors (2048K)
 Metaspace       used 37085K, committed 37376K, reserved 1114112K
  class space    used 4502K, committed 4672K, reserved 1048576K
}
Event: 32.205 GC heap after
{Heap after GC invocations=12 (full 0):
 garbage-first heap   total 110592K, used 29248K [0x0000000082e00000, 0x0000000100000000)
  region size 1024K, 1 young (1024K), 1 survivors (1024K)
 Metaspace       used 37085K, committed 37376K, reserved 1114112K
  class space    used 4502K, committed 4672K, reserved 1048576K
}
Event: 45.166 GC heap before
{Heap before GC invocations=12 (full 0):
 garbage-first heap   total 110592K, used 78400K [0x0000000082e00000, 0x0000000100000000)
  region size 1024K, 49 young (50176K), 1 survivors (1024K)
 Metaspace       used 43889K, committed 44160K, reserved 1114112K
  class space    used 5339K, committed 5504K, reserved 1048576K
}
Event: 45.197 GC heap after
{Heap after GC invocations=13 (full 0):
 garbage-first heap   total 110592K, used 35575K [0x0000000082e00000, 0x0000000100000000)
  region size 1024K, 7 young (7168K), 7 survivors (7168K)
 Metaspace       used 43889K, committed 44160K, reserved 1114112K
  class space    used 5339K, committed 5504K, reserved 1048576K
}
Event: 82.720 GC heap before
{Heap before GC invocations=13 (full 0):
 garbage-first heap   total 110592K, used 80631K [0x0000000082e00000, 0x0000000100000000)
  region size 1024K, 51 young (52224K), 7 survivors (7168K)
 Metaspace       used 48174K, committed 48448K, reserved 1114112K
  class space    used 5756K, committed 5888K, reserved 1048576K
}
Event: 82.780 GC heap after
{Heap after GC invocations=14 (full 0):
 garbage-first heap   total 110592K, used 43771K [0x0000000082e00000, 0x0000000100000000)
  region size 1024K, 7 young (7168K), 7 survivors (7168K)
 Metaspace       used 48174K, committed 48448K, reserved 1114112K
  class space    used 5756K, committed 5888K, reserved 1048576K
}
Event: 99.134 GC heap before
{Heap before GC invocations=14 (full 0):
 garbage-first heap   total 110592K, used 80635K [0x0000000082e00000, 0x0000000100000000)
  region size 1024K, 43 young (44032K), 7 survivors (7168K)
 Metaspace       used 48501K, committed 48768K, reserved 1114112K
  class space    used 5759K, committed 5888K, reserved 1048576K
}
Event: 99.180 GC heap after
{Heap after GC invocations=15 (full 0):
 garbage-first heap   total 110592K, used 50688K [0x0000000082e00000, 0x0000000100000000)
  region size 1024K, 6 young (6144K), 6 survivors (6144K)
 Metaspace       used 48501K, committed 48768K, reserved 1114112K
  class space    used 5759K, committed 5888K, reserved 1048576K
}
Event: 115.295 GC heap before
{Heap before GC invocations=15 (full 0):
 garbage-first heap   total 110592K, used 83456K [0x0000000082e00000, 0x0000000100000000)
  region size 1024K, 38 young (38912K), 6 survivors (6144K)
 Metaspace       used 49630K, committed 49920K, reserved 1114112K
  class space    used 5859K, committed 6016K, reserved 1048576K
}
Event: 115.335 GC heap after
{Heap after GC invocations=16 (full 0):
 garbage-first heap   total 110592K, used 55808K [0x0000000082e00000, 0x0000000100000000)
  region size 1024K, 5 young (5120K), 5 survivors (5120K)
 Metaspace       used 49630K, committed 49920K, reserved 1114112K
  class space    used 5859K, committed 6016K, reserved 1048576K
}
Event: 154.927 GC heap before
{Heap before GC invocations=16 (full 0):
 garbage-first heap   total 110592K, used 85504K [0x0000000082e00000, 0x0000000100000000)
  region size 1024K, 34 young (34816K), 5 survivors (5120K)
 Metaspace       used 52334K, committed 52608K, reserved 1114112K
  class space    used 6052K, committed 6208K, reserved 1048576K
}
Event: 154.951 GC heap after
{Heap after GC invocations=17 (full 0):
 garbage-first heap   total 110592K, used 58275K [0x0000000082e00000, 0x0000000100000000)
  region size 1024K, 3 young (3072K), 3 survivors (3072K)
 Metaspace       used 52334K, committed 52608K, reserved 1114112K
  class space    used 6052K, committed 6208K, reserved 1048576K
}
Event: 187.555 GC heap before
{Heap before GC invocations=18 (full 0):
 garbage-first heap   total 110592K, used 88995K [0x0000000082e00000, 0x0000000100000000)
  region size 1024K, 31 young (31744K), 3 survivors (3072K)
 Metaspace       used 53883K, committed 54208K, reserved 1114112K
  class space    used 6163K, committed 6336K, reserved 1048576K
}
Event: 187.578 GC heap after
{Heap after GC invocations=19 (full 0):
 garbage-first heap   total 110592K, used 63909K [0x0000000082e00000, 0x0000000100000000)
  region size 1024K, 4 young (4096K), 4 survivors (4096K)
 Metaspace       used 53883K, committed 54208K, reserved 1114112K
  class space    used 6163K, committed 6336K, reserved 1048576K
}
Event: 188.920 GC heap before
{Heap before GC invocations=19 (full 0):
 garbage-first heap   total 110592K, used 64933K [0x0000000082e00000, 0x0000000100000000)
  region size 1024K, 5 young (5120K), 4 survivors (4096K)
 Metaspace       used 53905K, committed 54208K, reserved 1114112K
  class space    used 6163K, committed 6336K, reserved 1048576K
}
Event: 188.935 GC heap after
{Heap after GC invocations=20 (full 0):
 garbage-first heap   total 110592K, used 63648K [0x0000000082e00000, 0x0000000100000000)
  region size 1024K, 1 young (1024K), 1 survivors (1024K)
 Metaspace       used 53905K, committed 54208K, reserved 1114112K
  class space    used 6163K, committed 6336K, reserved 1048576K
}
Event: 213.343 GC heap before
{Heap before GC invocations=20 (full 0):
 garbage-first heap   total 110592K, used 88224K [0x0000000082e00000, 0x0000000100000000)
  region size 1024K, 25 young (25600K), 1 survivors (1024K)
 Metaspace       used 54515K, committed 54784K, reserved 1114112K
  class space    used 6206K, committed 6336K, reserved 1048576K
}
Event: 213.391 GC heap after
{Heap after GC invocations=21 (full 0):
 garbage-first heap   total 110592K, used 65595K [0x0000000082e00000, 0x0000000100000000)
  region size 1024K, 3 young (3072K), 3 survivors (3072K)
 Metaspace       used 54515K, committed 54784K, reserved 1114112K
  class space    used 6206K, committed 6336K, reserved 1048576K
}
Event: 230.398 GC heap before
{Heap before GC invocations=22 (full 0):
 garbage-first heap   total 112640K, used 90171K [0x0000000082e00000, 0x0000000100000000)
  region size 1024K, 26 young (26624K), 3 survivors (3072K)
 Metaspace       used 55262K, committed 55552K, reserved 1114112K
  class space    used 6286K, committed 6464K, reserved 1048576K
}

